#
# There is insufficient memory for the Java Runtime Environment to continue.
# Native memory allocation (malloc) failed to allocate 1048576 bytes. Error detail: AllocateHeap
# Possible reasons:
#   The system is out of physical RAM or swap space
#   This process is running with CompressedOops enabled, and the Java Heap may be blocking the growth of the native heap
# Possible solutions:
#   Reduce memory load on the system
#   Increase physical memory or swap space
#   Check if swap backing store is full
#   Decrease Java heap size (-Xmx/-Xms)
#   Decrease number of Java threads
#   Decrease Java thread stack sizes (-Xss)
#   Set larger code cache with -XX:ReservedCodeCacheSize=
#   JVM is running with Unscaled Compressed Oops mode in which the Java heap is
#     placed in the first 4GB address space. The Java Heap base address is the
#     maximum limit for the native heap growth. Please use -XX:HeapBaseMinAddress
#     to set the Java Heap base and to place the Java Heap above 4GB virtual address.
# This output file may be truncated or incomplete.
#
#  Out of Memory Error (allocation.cpp:44), pid=3828, tid=11480
#
# JRE version:  (22.0.2+9) (build )
# Java VM: Java HotSpot(TM) 64-Bit Server VM (22.0.2+9-70, mixed mode, sharing, tiered, compressed oops, compressed class ptrs, g1 gc, windows-amd64)
# No core dump will be written. Minidumps are not enabled by default on client versions of Windows
#

---------------  S U M M A R Y ------------

Command Line: -Dapplication.home=C:\Program Files\Java\jdk-22 --add-modules=ALL-DEFAULT -Xms8m -Djdk.module.main=jdk.compiler jdk.compiler/com.sun.tools.javac.Main -version

Host: Intel(R) Core(TM) i7-2620M CPU @ 2.70GHz, 4 cores, 7G,  Windows 10 , 64 bit Build 19041 (10.0.19041.1503)
Time: Sat Aug 10 01:39:28 2024  Windows 10 , 64 bit Build 19041 (10.0.19041.1503) elapsed time: 0.019852 seconds (0d 0h 0m 0s)

---------------  T H R E A D  ---------------

Current thread (0x000001e944cdd880):  JavaThread "Unknown thread" [_thread_in_vm, id=11480, stack(0x000000427da00000,0x000000427db00000) (1024K)]

Stack: [0x000000427da00000,0x000000427db00000]
Native frames: (J=compiled Java code, j=interpreted, Vv=VM code, C=native code)
V  [jvm.dll+0x6e26e9]  (no source info available)
V  [jvm.dll+0x875753]  (no source info available)
V  [jvm.dll+0x877b7e]  (no source info available)
V  [jvm.dll+0x878253]  (no source info available)
V  [jvm.dll+0x27fc86]  (no source info available)
V  [jvm.dll+0xbe877]  (no source info available)
V  [jvm.dll+0x335144]  (no source info available)
V  [jvm.dll+0x32d22e]  (no source info available)
V  [jvm.dll+0x83d5ac]  (no source info available)
V  [jvm.dll+0x3c10d1]  (no source info available)
V  [jvm.dll+0x8264cc]  (no source info available)
V  [jvm.dll+0x45bd5e]  (no source info available)
V  [jvm.dll+0x45dbe1]  (no source info available)
C  [jli.dll+0x52a3]  (no source info available)
C  [ucrtbase.dll+0x21bb2]  (no source info available)
C  [KERNEL32.DLL+0x17034]  (no source info available)
C  [ntdll.dll+0x52651]  (no source info available)


---------------  P R O C E S S  ---------------

Threads class SMR info:
_java_thread_list=0x00007ff8297bc1c8, length=0, elements={
}

Java Threads: ( => current thread )
Total: 0

Other Threads:
  0x000001e944d2e840 WorkerThread "GC Thread#0"                     [id=10424, stack(0x000000427db00000,0x000000427dc00000) (1024K)]

[error occurred during error reporting (printing all threads), id 0xc0000005, EXCEPTION_ACCESS_VIOLATION (0xc0000005) at pc=0x00007ff828f09c30]
VM state: not at safepoint (not fully initialized)

VM Mutex/Monitor currently owned by a thread:  ([mutex/lock_event])
[0x00007ff82983cc80] Heap_lock - owner thread: 0x000001e944cdd880

Heap address: 0x0000000081600000, size: 2026 MB, Compressed Oops mode: 32-bit

CDS archive(s) mapped at: [0x0000000000000000-0x0000000000000000-0x0000000000000000), size 0, SharedBaseAddress: 0x0000000800000000, ArchiveRelocationMode: 1.
Narrow klass base: 0x0000000000000000, Narrow klass shift: 0, Narrow klass range: 0x0

GC Precious Log:
 CardTable entry size: 512
 Card Set container configuration: InlinePtr #cards 5 size 8 Array Of Cards #cards 12 size 40 Howl #buckets 4 coarsen threshold 1843 Howl Bitmap #cards 512 size 80 coarsen threshold 460 Card regions per heap region 1 cards per card region 2048

Heap:
 garbage-first heap   total reserved 2074624K, committed 0K, used 0K [0x0000000081600000, 0x0000000100000000)
  region size 1024K, 0 young (0K), 0 survivors (0K)

[error occurred during error reporting (printing heap information), id 0xc0000005, EXCEPTION_ACCESS_VIOLATION (0xc0000005) at pc=0x00007ff82930e869]
GC Heap History (0 events):
No events

Dll operation events (1 events):
Event: 0.014 Loaded shared library C:\Program Files\Java\jdk-22\bin\java.dll

Deoptimization events (0 events):
No events

Classes loaded (0 events):
No events

Classes unloaded (0 events):
No events

Classes redefined (0 events):
No events

Internal exceptions (0 events):
No events

ZGC Phase Switch (0 events):
No events

VM Operations (0 events):
No events

Memory protections (0 events):
No events

Nmethod flushes (0 events):
No events

Events (0 events):
No events


Dynamic libraries:
0x00007ff7bb7e0000 - 0x00007ff7bb7e8000 	C:\Program Files\Java\jdk-22\bin\javac.exe
0x00007ff893770000 - 0x00007ff893965000 	C:\WINDOWS\SYSTEM32\ntdll.dll
0x00007ff8918e0000 - 0x00007ff89199e000 	C:\WINDOWS\System32\KERNEL32.DLL
0x00007ff8912d0000 - 0x00007ff891598000 	C:\WINDOWS\System32\KERNELBASE.dll
0x00007ff890e80000 - 0x00007ff890f80000 	C:\WINDOWS\System32\ucrtbase.dll
0x00007ff88b770000 - 0x00007ff88b787000 	C:\Program Files\Java\jdk-22\bin\jli.dll
0x00007ff88b750000 - 0x00007ff88b76b000 	C:\Program Files\Java\jdk-22\bin\VCRUNTIME140.dll
0x00007ff892730000 - 0x00007ff8928d0000 	C:\WINDOWS\System32\USER32.dll
0x00007ff891650000 - 0x00007ff891672000 	C:\WINDOWS\System32\win32u.dll
0x00007ff87a450000 - 0x00007ff87a6ea000 	C:\WINDOWS\WinSxS\amd64_microsoft.windows.common-controls_6595b64144ccf1df_6.0.19041.1110_none_60b5254171f9507e\COMCTL32.dll
0x00007ff891c20000 - 0x00007ff891c4b000 	C:\WINDOWS\System32\GDI32.dll
0x00007ff893020000 - 0x00007ff8930be000 	C:\WINDOWS\System32\msvcrt.dll
0x00007ff891010000 - 0x00007ff89111d000 	C:\WINDOWS\System32\gdi32full.dll
0x00007ff8916f0000 - 0x00007ff89178d000 	C:\WINDOWS\System32\msvcp_win.dll
0x00007ff891dc0000 - 0x00007ff891df0000 	C:\WINDOWS\System32\IMM32.DLL
0x00007ff88b6e0000 - 0x00007ff88b6ec000 	C:\Program Files\Java\jdk-22\bin\vcruntime140_1.dll
0x00007ff889ac0000 - 0x00007ff889b4e000 	C:\Program Files\Java\jdk-22\bin\msvcp140.dll
0x00007ff828bd0000 - 0x00007ff829919000 	C:\Program Files\Java\jdk-22\bin\server\jvm.dll
0x00007ff892140000 - 0x00007ff8921ee000 	C:\WINDOWS\System32\ADVAPI32.dll
0x00007ff891c50000 - 0x00007ff891cec000 	C:\WINDOWS\System32\sechost.dll
0x00007ff8919a0000 - 0x00007ff891ac5000 	C:\WINDOWS\System32\RPCRT4.dll
0x00007ff892070000 - 0x00007ff8920db000 	C:\WINDOWS\System32\WS2_32.dll
0x00007ff890cf0000 - 0x00007ff890d3b000 	C:\WINDOWS\SYSTEM32\POWRPROF.dll
0x00007ff882a10000 - 0x00007ff882a37000 	C:\WINDOWS\SYSTEM32\WINMM.dll
0x00007ff885030000 - 0x00007ff88503a000 	C:\WINDOWS\SYSTEM32\VERSION.dll
0x00007ff890cd0000 - 0x00007ff890ce2000 	C:\WINDOWS\SYSTEM32\UMPDC.dll
0x00007ff88f700000 - 0x00007ff88f712000 	C:\WINDOWS\SYSTEM32\kernel.appcore.dll
0x00007ff88a560000 - 0x00007ff88a56a000 	C:\Program Files\Java\jdk-22\bin\jimage.dll
0x00007ff884000000 - 0x00007ff8841e4000 	C:\WINDOWS\SYSTEM32\DBGHELP.DLL
0x00007ff883df0000 - 0x00007ff883e1c000 	C:\WINDOWS\SYSTEM32\dbgcore.DLL
0x00007ff890f80000 - 0x00007ff891002000 	C:\WINDOWS\System32\bcryptPrimitives.dll
0x00007ff889cf0000 - 0x00007ff889d0e000 	C:\Program Files\Java\jdk-22\bin\java.dll
0x00007ff8928d0000 - 0x00007ff893014000 	C:\WINDOWS\System32\SHELL32.dll
0x00007ff891e90000 - 0x00007ff891fba000 	C:\WINDOWS\System32\ole32.dll
0x00007ff8923b0000 - 0x00007ff892705000 	C:\WINDOWS\System32\combase.dll

dbghelp: loaded successfully - version: 4.0.5 - missing functions: none
symbol engine: initialized successfully - sym options: 0x614 - pdb path: .;C:\Program Files\Java\jdk-22\bin;C:\WINDOWS\SYSTEM32;C:\WINDOWS\WinSxS\amd64_microsoft.windows.common-controls_6595b64144ccf1df_6.0.19041.1110_none_60b5254171f9507e;C:\Program Files\Java\jdk-22\bin\server

VM Arguments:
jvm_args: -Dapplication.home=C:\Program Files\Java\jdk-22 --add-modules=ALL-DEFAULT -Xms8m -Djdk.module.main=jdk.compiler 
java_command: jdk.compiler/com.sun.tools.javac.Main -version
java_class_path (initial): <not set>
Launcher Type: SUN_STANDARD

[Global flags]
     intx CICompilerCount                          = 3                                         {product} {ergonomic}
     uint ConcGCThreads                            = 1                                         {product} {ergonomic}
     uint G1ConcRefinementThreads                  = 4                                         {product} {ergonomic}
   size_t G1HeapRegionSize                         = 1048576                                   {product} {ergonomic}
   size_t InitialHeapSize                          = 8388608                                   {product} {command line}
   size_t MarkStackSize                            = 4194304                                   {product} {ergonomic}
   size_t MaxHeapSize                              = 2124414976                                {product} {ergonomic}
   size_t MinHeapDeltaBytes                        = 1048576                                   {product} {ergonomic}
   size_t MinHeapSize                              = 8388608                                   {product} {command line}
    uintx NonNMethodCodeHeapSize                   = 5832780                                {pd product} {ergonomic}
    uintx NonProfiledCodeHeapSize                  = 122912730                              {pd product} {ergonomic}
    uintx ProfiledCodeHeapSize                     = 122912730                              {pd product} {ergonomic}
    uintx ReservedCodeCacheSize                    = 251658240                              {pd product} {ergonomic}
     bool SegmentedCodeCache                       = true                                      {product} {ergonomic}
   size_t SoftMaxHeapSize                          = 2124414976                             {manageable} {ergonomic}
     bool UseCompressedOops                        = true                           {product lp64_product} {ergonomic}
     bool UseG1GC                                  = true                                      {product} {ergonomic}
     bool UseLargePagesIndividualAllocation        = false                                  {pd product} {ergonomic}

Logging:
Log output configuration:
 #0: stdout all=warning uptime,level,tags foldmultilines=false
 #1: stderr all=off uptime,level,tags foldmultilines=false

Environment Variables:
JAVA_HOME=C:\Program Files\Java\jdk-22
PATH=C:\Program Files\Java\jdk-22\bin;C:\Program Files\Common Files\Oracle\Java\javapath;C:\WINDOWS\system32;C:\WINDOWS;C:\WINDOWS\System32\Wbem;C:\WINDOWS\System32\WindowsPowerShell\v1.0\;C:\WINDOWS\System32\OpenSSH\;C:\Program Files (x86)\ATI Technologies\ATI.ACE\Core-Static;C:\Program Files (x86)\dotnet\;C:\Program Files (x86)\Intel\OpenCL SDK\2.0\bin\x86;C:\Program Files (x86)\Intel\OpenCL SDK\2.0\bin\x64;C:\Program Files\nodejs\;C:\Program Files\dotnet\;C:\Program Files\Git\cmd;C:\Program Files\Java\jdk-22\bin;C:\Android\Sdk;C:\gradle\gradle-8.9\bin;C:\Users\代刚\AppData\Local\Microsoft\WindowsApps;C:\Users\代刚\AppData\Local\Programs\Microsoft VS Code\bin;C:\Users\代刚\AppData\Roaming\npm;C:\Program Files\JetBrains\PyCharm Community Edition 2024.1.5\bin;
USERNAME=代刚
LANG=en_US.UTF-8
OS=Windows_NT
PROCESSOR_IDENTIFIER=Intel64 Family 6 Model 42 Stepping 7, GenuineIntel
TMP=C:\Users\代刚\AppData\Local\Temp
TEMP=C:\Users\代刚\AppData\Local\Temp




Periodic native trim disabled

---------------  S Y S T E M  ---------------

OS:
 Windows 10 , 64 bit Build 19041 (10.0.19041.1503)
OS uptime: 0 days 4:37 hours

CPU: total 4 (initial active 4) (2 cores per cpu, 2 threads per core) family 6 model 42 stepping 7 microcode 0x2f, cx8, cmov, fxsr, ht, mmx, sse, sse2, sse3, ssse3, sse4.1, sse4.2, popcnt, tsc, tscinvbit, avx, aes, clmul, vzeroupper, clflush, rdtscp
Processor Information for all 4 processors :
  Max Mhz: 2701, Current Mhz: 2701, Mhz Limit: 2701

Memory: 4k page, system-wide physical 8102M (1207M free)
TotalPageFile size 10150M (AvailPageFile size 5M)
current process WorkingSet (physical memory assigned to process): 11M, peak: 11M
current process commit charge ("private bytes"): 49M, peak: 50M

vm_info: Java HotSpot(TM) 64-Bit Server VM (22.0.2+9-70) for windows-amd64 JRE (22.0.2+9-70), built on 2024-06-04T16:52:23Z by "mach5one" with MS VC++ 17.6 (VS2022)

END.
